<?xml version="1.0" encoding="UTF-8"?>
<!-- Generated by org.testng.reporters.JUnitReportReporter -->
<testsuite skipped="1" hostname="Tonimas-MacBook-Air.local" name="TestNG.TestAttributes" tests="6" failures="0" timestamp="28 Aug 2017 19:21:30 GMT" time="0.009" errors="0">
  <testcase name="j" time="0.001" classname="TestNG.TestAttributes"/>
  <testcase name="f" time="0.002" classname="TestNG.TestAttributes"/>
  <testcase name="j" time="0.001" classname="TestNG.TestAttributes"/>
  <testcase name="j" time="0.003" classname="TestNG.TestAttributes"/>
  <testcase name="a" time="0.002" classname="TestNG.TestAttributes"/>
  <testcase name="g" classname="TestNG.TestAttributes">
    <skipped/>
  </testcase> <!-- g -->
</testsuite> <!-- TestNG.TestAttributes -->
