<?xml version="1.0" encoding="UTF-8"?>
<!-- Generated by org.testng.reporters.JUnitReportReporter -->
<testsuite skipped="0" hostname="Tonimas-MacBook-Air.local" name="TestNG.TestGrouping" tests="4" failures="0" timestamp="30 Aug 2017 19:34:10 GMT" time="0.037" errors="0">
  <testcase name="f2" time="0.013" classname="TestNG.TestGrouping"/>
  <testcase name="f5" time="0.005" classname="TestNG.TestGrouping"/>
  <testcase name="f3" time="0.001" classname="TestNG.TestGrouping"/>
  <testcase name="f1" time="0.018" classname="TestNG.TestGrouping"/>
</testsuite> <!-- TestNG.TestGrouping -->
