<?xml version="1.0" encoding="UTF-8"?>
<!-- Generated by org.testng.reporters.JUnitReportReporter -->
<testsuite skipped="0" hostname="Tonimas-MacBook-Air.local" name="co.edureka.TestNGSample" tests="2" failures="0" timestamp="18 Aug 2017 01:23:30 GMT" time="15.466" errors="0">
  <testcase name="ExplicitWait" time="6.942" classname="co.edureka.TestNGSample"/>
  <testcase name="fluentWait" time="8.524" classname="co.edureka.TestNGSample"/>
</testsuite> <!-- co.edureka.TestNGSample -->
