<?xml version="1.0" encoding="UTF-8"?>
<!-- Generated by org.testng.reporters.JUnitReportReporter -->
<testsuite skipped="0" hostname="Tonimas-MacBook-Air.local" name="TestNG.TestFacebookWithDependency" tests="2" failures="0" timestamp="28 Aug 2017 19:21:45 GMT" time="7.465" errors="0">
  <testcase name="loginToFacebook" time="4.802" classname="TestNG.TestFacebookWithDependency"/>
  <testcase name="openBrowser" time="2.663" classname="TestNG.TestFacebookWithDependency"/>
</testsuite> <!-- TestNG.TestFacebookWithDependency -->
