<?xml version="1.0" encoding="UTF-8"?>
<!-- Generated by org.testng.reporters.JUnitReportReporter -->
<testsuite skipped="0" hostname="Tonimas-MacBook-Air.local" name="TestNG.TestGroupingNew" tests="4" failures="0" timestamp="30 Aug 2017 19:34:05 GMT" time="0.007" errors="0">
  <testcase name="g5" time="0.004" classname="TestNG.TestGroupingNew"/>
  <testcase name="g1" time="0.001" classname="TestNG.TestGroupingNew"/>
  <testcase name="g2" time="0.001" classname="TestNG.TestGroupingNew"/>
  <testcase name="g4" time="0.001" classname="TestNG.TestGroupingNew"/>
</testsuite> <!-- TestNG.TestGroupingNew -->
