<?xml version="1.0" encoding="UTF-8"?>
<!-- Generated by org.testng.reporters.JUnitReportReporter -->
<testsuite skipped="0" hostname="Tonimas-MacBook-Air.local" name="assignments.Assignment7" tests="6" failures="0" timestamp="21 Aug 2017 03:30:56 GMT" time="30.078" errors="0">
  <testcase name="printTitle" time="2.363" classname="assignments.Assignment7"/>
  <testcase name="printTitle" time="2.985" classname="assignments.Assignment7"/>
  <testcase name="bookTicket" time="17.402" classname="assignments.Assignment7"/>
  <testcase name="printTitle" time="2.384" classname="assignments.Assignment7"/>
  <testcase name="printTitle" time="2.446" classname="assignments.Assignment7"/>
  <testcase name="printTitle" time="2.498" classname="assignments.Assignment7"/>
</testsuite> <!-- assignments.Assignment7 -->
