<?xml version="1.0" encoding="UTF-8"?>
<!-- Generated by org.testng.reporters.JUnitReportReporter -->
<testsuite skipped="0" hostname="Tonimas-MacBook-Air.local" name="co.edureka.bikes" tests="6" failures="0" timestamp="17 Aug 2017 15:38:03 GMT" time="0.036" errors="0">
  <testcase name="apache" time="0.005" classname="co.edureka.bikes"/>
  <testcase name="Avenger" time="0.019" classname="co.edureka.bikes"/>
  <testcase name="RoyalEnfield" time="0.005" classname="co.edureka.bikes"/>
  <testcase name="Ducati" time="0.002" classname="co.edureka.bikes"/>
  <testcase name="Pulsar" time="0.004" classname="co.edureka.bikes"/>
  <testcase name="Honda" time="0.001" classname="co.edureka.bikes"/>
</testsuite> <!-- co.edureka.bikes -->
