<?xml version="1.0" encoding="UTF-8"?>
<!-- Generated by org.testng.reporters.JUnitReportReporter -->
<testsuite skipped="0" hostname="Tonimas-MacBook-Air.local" name="TestNG.TestSequencing" tests="6" failures="0" timestamp="28 Aug 2017 19:21:35 GMT" time="0.014" errors="0">
  <testcase name="k" time="0.001" classname="TestNG.TestSequencing"/>
  <testcase name="v" time="0.001" classname="TestNG.TestSequencing"/>
  <testcase name="a" time="0.001" classname="TestNG.TestSequencing"/>
  <testcase name="h" time="0.009" classname="TestNG.TestSequencing"/>
  <testcase name="n" time="0.001" classname="TestNG.TestSequencing"/>
  <testcase name="f" time="0.001" classname="TestNG.TestSequencing"/>
</testsuite> <!-- TestNG.TestSequencing -->
