<?xml version="1.0" encoding="UTF-8"?>
<!-- Generated by org.testng.reporters.JUnitReportReporter -->
<testsuite skipped="0" hostname="Tonimas-MacBook-Air.local" name="TestNGAssertions" tests="3" failures="0" timestamp="18 Aug 2017 16:12:56 GMT" time="4.307" errors="0">
  <testcase name="checkTitle" time="4.282" classname="TestNGAssertions"/>
  <testcase name="TestSum" time="0.003" classname="TestNGAssertions"/>
  <testcase name="CheckTrue" time="0.022" classname="TestNGAssertions"/>
</testsuite> <!-- TestNGAssertions -->
