<?xml version="1.0" encoding="UTF-8"?>
<!-- Generated by org.testng.reporters.JUnitReportReporter -->
<testsuite skipped="0" hostname="Tonimas-MacBook-Air.local" name="TestNG.TestAnnotations" tests="3" failures="0" timestamp="28 Aug 2017 19:21:40 GMT" time="0.020" errors="0">
  <testcase name="test3" time="0.005" classname="TestNG.TestAnnotations"/>
  <testcase name="test2" time="0.004" classname="TestNG.TestAnnotations"/>
  <testcase name="test1" time="0.011" classname="TestNG.TestAnnotations"/>
</testsuite> <!-- TestNG.TestAnnotations -->
